{
  "RSpec": {
    "coverage": {
      "/home/jribeiro/Projects/codeigniter-scaffold/lib/codeigniter_scaffold.rb": [
        1,
        1,
        null
      ],
      "/home/jribeiro/Projects/codeigniter-scaffold/lib/codeigniter_scaffold/command/help.rb": [
        1,
        1,
        1,
        null,
        1,
        1,
        1,
        null,
        null,
        null,
        null,
        null
      ],
      "/home/jribeiro/Projects/codeigniter-scaffold/lib/codeigniter_scaffold/executor.rb": [
        1,
        1,
        null,
        1,
        1,
        1,
        null,
        null,
        null,
        null,
        1,
        null,
        null,
        null,
        null,
        null
      ],
      "/home/jribeiro/Projects/codeigniter-scaffold/spec/codeigniter_scaffold/executor_spec.rb": [
        1,
        null,
        1,
        null,
        2,
        null,
        1,
        null,
        1,
        1,
        null,
        null,
        null,
        null
      ]
    },
    "timestamp": 1343842119
  }
}
